TN:
SF:extensions/main.ts
FNF:16
FNH:16
DA:8,60
DA:9,74
DA:10,64
DA:11,148
DA:20,54
DA:21,58
DA:22,54
DA:24,88
DA:25,88
DA:26,67
DA:27,107
DA:28,105
DA:29,96
DA:32,55
DA:33,65
DA:34,63
DA:38,30
DA:39,8
DA:40,3
DA:41,39
DA:42,57
DA:43,82
DA:44,64
DA:45,45
DA:48,26
DA:49,20
DA:50,21
DA:51,21
DA:52,9
DA:53,30
DA:54,2
DA:55,32
DA:60,21
DA:61,23
DA:62,24
DA:63,13
DA:64,715
DA:65,21
DA:66,33
DA:67,189
DA:68,120
DA:69,115
DA:70,230
DA:71,170
DA:72,6
DA:73,54
DA:74,23
DA:81,20
DA:84,63
DA:85,26
DA:86,18
DA:87,74
DA:88,26
DA:89,1
DA:90,6
DA:91,54
DA:92,51
DA:93,104
DA:95,32
DA:97,48
DA:98,22
DA:99,29
DA:100,31
DA:101,84
DA:102,67
DA:103,25
DA:104,22
DA:105,152
DA:106,30
DA:107,1
DA:108,8
DA:109,8
DA:110,90
DA:111,64
DA:112,6
DA:114,46
DA:115,19
DA:116,29
DA:117,31
DA:118,84
DA:119,70
DA:120,25
DA:121,22
DA:122,155
DA:123,30
DA:124,1
DA:125,8
DA:126,8
DA:127,126
DA:128,64
DA:129,6
DA:131,55
DA:132,95
DA:133,63
DA:134,58
DA:135,64
DA:136,6
DA:138,48
DA:139,43
DA:140,23
DA:141,91
DA:142,41
DA:143,65
DA:144,87
DA:145,34
DA:146,20
DA:147,157
DA:148,28
DA:149,1
DA:150,8
DA:151,84
DA:152,89
DA:153,72
DA:154,6
DA:156,99
DA:157,15
DA:158,96
DA:159,46
DA:160,62
DA:161,64
DA:162,151
DA:163,52
DA:164,144
DA:165,154
DA:166,64
DA:167,8
DA:168,45
DA:169,65
DA:170,129
DA:171,127
DA:172,106
DA:173,72
DA:174,6
DA:175,109
DA:176,74
DA:178,5
DA:180,31
DA:182,35
DA:183,98
DA:184,29
DA:185,20
DA:190,46
DA:191,40
DA:192,51
DA:193,66
DA:194,13
DA:195,107
DA:196,6
DA:197,13
DA:198,44
DA:199,49
DA:200,21
DA:201,48
DA:202,17
DA:203,89
DA:205,30
DA:206,17
DA:207,29
DA:208,92
DA:209,8
DA:210,7
DA:211,21
DA:212,53
DA:213,77
DA:214,80
DA:215,17
DA:216,98
DA:220,5
DA:223,34
DA:224,54
DA:225,29
DA:226,20
DA:230,46
DA:231,40
DA:232,51
DA:233,68
DA:234,13
DA:235,44
DA:236,49
DA:237,66
DA:238,108
DA:239,30
DA:240,17
DA:241,29
DA:242,92
DA:243,8
DA:244,7
DA:245,21
DA:246,53
DA:247,77
DA:248,80
DA:249,0
DA:250,13
DA:254,5
DA:257,38
DA:258,131
DA:259,30
DA:260,20
DA:264,63
DA:265,26
DA:266,82
DA:267,6
DA:268,6
DA:269,66
DA:270,104
DA:271,23
DA:272,20
DA:273,82
DA:274,55
DA:275,75
DA:276,137
DA:277,90
DA:278,6
DA:279,6
DA:280,93
DA:281,102
DA:282,60
DA:283,62
DA:284,56
DA:285,149
DA:286,50
DA:287,220
DA:288,152
DA:289,135
DA:290,6
DA:291,6
DA:292,43
DA:293,63
DA:294,184
DA:295,102
DA:296,108
DA:297,131
DA:298,80
DA:300,5
DA:303,41
DA:304,41
DA:305,30
DA:306,20
DA:310,63
DA:311,26
DA:312,82
DA:313,6
DA:314,6
DA:315,66
DA:316,93
DA:317,23
DA:318,93
DA:319,20
DA:320,85
DA:321,48
DA:322,75
DA:323,137
DA:324,6
DA:325,6
DA:326,102
DA:327,60
DA:328,47
DA:329,44
DA:330,44
DA:331,43
DA:332,63
DA:333,127
DA:334,101
DA:335,108
DA:337,131
DA:339,5
DA:341,34
DA:342,35
DA:347,514
DA:348,95
LF:270
LH:269
end_of_record
TN:
SF:extensions/vcc-core/commands/vcc-recall.ts
FNF:1
FNH:1
DA:2,50
LF:1
LH:1
end_of_record
TN:
SF:extensions/vcc-core/core/bayesian-probability.ts
FNF:13
FNH:13
DA:22,43
DA:25,37
DA:26,36
DA:29,31
DA:30,45
DA:31,27
DA:32,26
DA:37,53
DA:38,32
DA:41,29
DA:42,33
DA:46,40
DA:47,63
DA:51,49
DA:52,79
DA:58,49
DA:59,39
DA:60,83
DA:69,33
DA:70,7
DA:71,4
DA:72,13
DA:73,7
DA:74,9
DA:76,80
DA:83,53
DA:84,44
DA:85,41
DA:86,50
DA:87,44
DA:88,88
DA:89,65
DA:90,83
DA:91,34
DA:92,43
LF:35
LH:35
end_of_record
TN:
SF:extensions/vcc-core/core/brief.ts
FNF:29
FNH:29
DA:3,33
DA:4,42
DA:5,53
DA:7,26
DA:8,49
DA:9,49
DA:10,32
DA:11,33
DA:15,27
DA:16,58
DA:20,31
DA:21,21
DA:27,73
DA:30,22
DA:31,52
DA:34,29
DA:35,79
DA:36,78
DA:37,65
DA:38,75
DA:39,73
DA:40,31
DA:41,74
DA:42,73
DA:43,35
DA:44,53
DA:45,75
DA:46,71
DA:47,68
DA:48,3
DA:50,40
DA:51,5
DA:52,22
DA:53,26
DA:54,23
DA:55,7
DA:57,41
DA:58,45
DA:59,16
DA:60,18
DA:61,47
DA:62,23
DA:63,56
DA:64,16
DA:65,29
DA:66,58
DA:67,6
DA:68,4
DA:69,4
DA:70,43
DA:71,2
DA:72,13
DA:75,40
DA:76,19
DA:77,47
DA:78,34
DA:79,63
DA:80,72
DA:81,2
DA:82,14
DA:86,64
DA:87,45
DA:88,42
DA:89,43
DA:90,58
DA:91,65
DA:92,77
DA:93,49
DA:96,48
DA:97,51
DA:98,60
DA:99,2
DA:100,8
DA:103,54
DA:104,45
DA:105,50
DA:106,38
DA:111,21
DA:112,106
DA:116,102
DA:120,75
DA:127,63
DA:128,28
DA:130,142
DA:138,48
DA:139,45
DA:140,22
DA:141,21
DA:142,46
DA:143,44
DA:144,2
DA:145,11
DA:148,75
DA:149,33
DA:150,15
DA:151,31
DA:152,49
DA:153,33
DA:154,15
DA:155,2
DA:156,17
DA:169,31
DA:171,33
DA:172,34
DA:173,45
DA:174,29
DA:175,36
DA:178,49
DA:179,34
DA:183,58
DA:184,21
DA:185,68
DA:186,35
DA:187,54
DA:188,4
DA:189,19
DA:190,66
DA:191,88
DA:192,4
DA:193,12
DA:194,2
DA:196,72
DA:197,28
DA:199,25
DA:200,38
DA:201,42
DA:202,18
DA:205,104
DA:207,32
DA:208,31
DA:209,41
DA:210,2
DA:211,12
DA:216,30
DA:217,61
DA:218,61
DA:219,34
DA:220,2
DA:222,38
DA:223,42
DA:224,50
DA:225,35
DA:226,2
DA:227,33
DA:228,42
DA:229,44
DA:230,55
DA:231,34
DA:232,27
DA:233,2
DA:234,40
DA:235,44
DA:236,2
DA:237,20
DA:245,53
DA:246,50
DA:247,24
DA:248,85
DA:249,60
DA:250,2
DA:251,13
DA:264,47
DA:265,22
DA:266,22
DA:268,35
DA:269,56
DA:270,53
DA:271,6
DA:272,4
DA:273,45
DA:274,25
DA:277,49
DA:278,33
DA:279,35
DA:280,65
DA:281,4
DA:282,53
DA:285,70
DA:286,33
DA:287,27
DA:288,17
DA:289,46
DA:290,78
DA:291,20
DA:292,71
DA:293,38
DA:294,8
DA:295,30
DA:296,5
DA:297,5
DA:298,17
DA:299,44
DA:300,65
DA:301,19
DA:302,41
DA:303,8
DA:304,30
DA:305,5
DA:306,5
DA:307,22
DA:308,25
DA:310,37
DA:311,64
DA:312,47
DA:313,23
DA:314,8
DA:315,60
DA:316,105
DA:317,79
DA:318,20
DA:319,71
DA:320,43
DA:321,8
DA:322,5
DA:323,5
DA:324,19
DA:327,78
DA:328,20
DA:329,67
DA:330,40
DA:331,8
DA:332,32
DA:333,5
DA:334,5
DA:335,22
DA:337,58
DA:338,74
DA:339,35
DA:340,89
DA:341,31
DA:342,59
DA:343,37
DA:344,5
DA:345,5
DA:346,19
DA:348,10
DA:349,22
DA:351,7
DA:353,2
DA:360,70
DA:361,36
DA:362,61
DA:363,27
DA:364,68
DA:365,58
DA:366,47
DA:368,32
DA:369,50
DA:370,19
DA:371,36
DA:372,73
DA:373,38
DA:374,75
DA:375,51
DA:376,36
DA:377,87
DA:378,90
DA:379,15
DA:380,25
DA:382,4
DA:383,18
DA:384,2
DA:388,32
DA:389,32
DA:390,50
DA:391,27
DA:392,40
DA:393,24
DA:394,60
DA:395,60
DA:396,58
DA:397,49
DA:398,20
DA:399,25
DA:400,48
DA:401,40
DA:402,49
DA:403,72
DA:404,22
DA:405,6
DA:406,28
DA:407,4
DA:408,19
DA:409,2
DA:411,17
DA:417,45
DA:420,17
DA:421,45
DA:422,28
DA:423,17
DA:424,35
DA:425,53
DA:426,48
DA:427,51
DA:428,47
DA:429,42
DA:430,19
DA:431,4
DA:432,4
DA:433,25
DA:434,36
DA:435,19
DA:436,2
DA:437,2
DA:439,21
DA:443,38
DA:444,42
LF:307
LH:307
end_of_record
TN:
SF:extensions/vcc-core/core/build-sections.ts
FNF:3
FNH:3
DA:3,56
DA:5,48
DA:6,73
DA:7,90
DA:8,67
DA:9,61
DA:18,18
DA:19,180
DA:21,47
DA:22,19
DA:23,33
DA:25,26
DA:26,55
DA:27,50
DA:28,52
DA:29,46
DA:31,55
DA:32,49
DA:34,62
DA:35,68
DA:36,65
DA:37,5
DA:38,4
DA:39,2
DA:40,2
DA:42,26
DA:44,49
DA:45,44
DA:47,55
DA:48,12
DA:49,62
DA:50,60
DA:51,51
DA:52,3
DA:55,41
DA:56,27
DA:57,72
DA:58,43
DA:59,53
DA:60,28
DA:61,11
DA:62,4
DA:63,12
DA:64,16
DA:65,58
DA:66,63
DA:67,51
DA:68,20
DA:69,48
DA:70,2
LF:50
LH:50
end_of_record
TN:
SF:extensions/vcc-core/core/compact-args.ts
FNF:3
FNH:3
DA:2,69
DA:4,37
DA:12,37
DA:13,28
DA:14,68
DA:17,45
DA:18,37
DA:19,98
DA:21,69
DA:22,20
DA:23,14
DA:24,43
DA:25,55
DA:26,31
DA:27,1
DA:28,2
DA:30,37
DA:31,64
DA:32,18
DA:33,14
DA:34,95
DA:35,53
DA:36,31
DA:37,1
DA:38,2
DA:40,87
DA:43,64
DA:44,36
DA:45,42
LF:29
LH:29
end_of_record
TN:
SF:extensions/vcc-core/core/content.ts
FNF:20
FNH:20
DA:3,40
DA:5,42
DA:6,39
DA:8,41
DA:9,37
DA:11,38
DA:12,42
DA:13,47
DA:14,2
DA:15,27
DA:23,50
DA:24,39
DA:26,36
DA:27,57
DA:28,28
DA:29,45
DA:30,38
DA:31,53
DA:32,2
DA:33,24
DA:36,37
DA:37,56
DA:39,44
DA:40,35
DA:42,39
DA:43,27
DA:44,53
DA:45,15
DA:46,37
DA:47,24
DA:50,33
DA:51,28
DA:53,43
DA:54,58
DA:55,15
DA:56,41
DA:57,46
DA:58,52
DA:61,37
DA:62,32
DA:74,43
DA:75,43
DA:77,67
DA:78,30
DA:80,80
DA:82,4
DA:83,29
DA:84,25
DA:85,62
DA:87,13
DA:89,4
DA:90,36
DA:91,27
DA:92,28
DA:94,13
DA:95,4
DA:96,36
DA:97,27
DA:98,28
DA:100,13
DA:101,14
DA:111,46
DA:112,16
DA:113,67
DA:114,35
DA:115,37
DA:116,46
DA:117,79
DA:118,77
DA:119,4
DA:120,2
DA:121,2
DA:122,70
DA:123,27
DA:124,70
DA:125,27
DA:126,13
DA:138,50
DA:139,52
DA:140,19
DA:141,45
DA:142,37
DA:143,22
DA:144,38
DA:145,34
DA:146,40
DA:147,25
DA:148,54
DA:149,49
DA:150,62
DA:151,8
DA:152,7
DA:153,4
DA:154,3
DA:155,2
DA:156,23
DA:160,53
DA:161,61
DA:162,31
DA:163,42
DA:164,64
DA:165,37
DA:166,45
DA:167,53
LF:104
LH:104
end_of_record
TN:
SF:extensions/vcc-core/core/drill-down.ts
FNF:11
FNH:11
DA:18,45
DA:19,42
DA:20,49
DA:40,13
DA:41,42
DA:42,21
DA:43,32
DA:44,55
DA:45,38
DA:46,45
DA:47,35
DA:48,27
DA:49,50
DA:50,74
DA:51,37
DA:52,31
DA:53,7
DA:54,34
DA:55,6
DA:56,4
DA:57,72
DA:58,32
DA:59,72
DA:60,32
DA:61,22
DA:62,2
DA:63,14
DA:72,1
DA:73,4
DA:74,12
DA:75,9
DA:76,3
DA:77,11
DA:78,20
DA:79,20
DA:80,24
DA:81,16
DA:82,3
DA:83,10
DA:84,73
DA:85,2
DA:86,11
DA:87,40
DA:88,60
DA:89,11
DA:90,61
DA:93,38
DA:94,33
DA:95,31
DA:96,34
DA:97,37
DA:98,26
DA:99,31
DA:101,14
DA:103,60
DA:104,54
DA:105,32
DA:106,10
DA:108,17
DA:110,163
DA:111,4
DA:112,32
DA:113,10
DA:115,6
DA:116,2
DA:118,30
DA:120,42
DA:121,33
DA:122,63
DA:123,55
DA:124,39
DA:126,32
DA:127,132
DA:128,4
DA:130,38
DA:131,16
DA:132,50
DA:135,31
DA:137,32
DA:138,189
DA:139,28
DA:140,30
DA:141,5
DA:143,13
DA:144,2
DA:147,35
DA:148,61
DA:149,32
DA:150,10
DA:152,14
DA:154,179
DA:155,2
DA:157,32
DA:158,10
DA:160,7
DA:171,68
DA:183,13
DA:189,3
DA:190,47
DA:191,27
DA:192,39
DA:193,31
DA:194,26
DA:196,27
DA:197,14
DA:198,12
DA:199,18
DA:200,17
DA:201,24
DA:202,20
DA:203,1
DA:204,2
DA:206,30
DA:208,36
DA:209,42
DA:210,75
DA:211,33
DA:212,57
DA:213,0
DA:214,2
DA:216,12
DA:217,10
DA:218,16
DA:219,16
DA:220,22
DA:221,18
DA:222,2
DA:244,6
DA:245,13
DA:246,12
DA:247,13
DA:248,14
DA:249,8
DA:250,7
DA:251,3
DA:252,61
DA:254,60
DA:255,59
DA:256,2
DA:258,38
DA:259,30
DA:260,49
DA:263,32
DA:264,30
DA:265,55
DA:266,4
DA:267,30
DA:268,60
DA:269,13
DA:270,15
DA:271,11
DA:272,2
DA:273,4
DA:275,23
DA:276,61
DA:277,6
DA:278,137
DA:279,2
DA:281,68
DA:283,30
DA:284,76
DA:285,2
DA:287,28
DA:289,25
DA:290,61
DA:291,6
DA:292,95
DA:293,22
DA:295,64
DA:296,2
DA:298,78
DA:309,61
DA:316,13
DA:321,3
DA:322,46
DA:323,27
DA:324,39
DA:325,26
DA:326,92
DA:327,30
DA:328,36
DA:329,42
DA:330,75
DA:331,75
DA:332,2
DA:333,67
DA:336,31
DA:345,6
DA:346,13
DA:347,12
DA:348,14
DA:349,8
DA:350,7
DA:351,3
DA:352,58
DA:353,57
DA:354,59
DA:355,2
DA:356,33
DA:357,46
DA:358,25
DA:359,39
DA:360,34
DA:361,37
DA:362,30
DA:363,42
DA:364,50
DA:365,63
DA:366,55
DA:367,39
DA:368,32
DA:369,129
DA:370,4
DA:371,100
DA:372,32
DA:373,156
DA:374,28
DA:375,31
DA:376,5
DA:377,13
DA:378,2
DA:379,42
DA:380,68
DA:381,211
DA:382,2
DA:383,25
LF:226
LH:225
end_of_record
TN:
SF:extensions/vcc-core/core/filter-noise.ts
FNF:4
FNH:4
DA:4,30
DA:5,56
DA:6,45
DA:7,3
DA:9,24
DA:10,38
DA:11,27
DA:12,43
DA:13,2
DA:15,118
DA:17,36
DA:18,30
DA:19,65
DA:20,62
DA:21,30
DA:24,30
DA:25,40
DA:27,40
DA:28,17
DA:29,28
DA:30,71
DA:31,73
DA:32,29
DA:33,50
DA:34,44
DA:35,34
DA:36,48
DA:37,8
DA:38,4
DA:39,14
DA:40,2
DA:41,11
LF:32
LH:32
end_of_record
TN:
SF:extensions/vcc-core/core/format-recall.ts
FNF:7
FNH:7
DA:6,26
DA:17,19
DA:18,50
DA:19,48
DA:20,52
DA:21,51
DA:22,2
DA:23,38
DA:24,26
DA:25,41
DA:26,2
DA:27,18
DA:32,35
DA:40,6
DA:41,9
DA:42,6
DA:43,10
DA:44,3
DA:45,30
DA:46,53
DA:47,2
DA:49,43
DA:50,52
DA:51,45
DA:52,39
DA:53,53
DA:55,15
DA:56,16
DA:57,69
DA:58,35
DA:60,40
DA:61,43
DA:62,27
DA:63,40
DA:64,15
DA:65,39
DA:66,4
DA:68,45
DA:70,34
DA:71,67
DA:72,2
DA:74,14
DA:77,33
DA:78,9
DA:79,7
DA:80,16
DA:81,9
DA:82,3
DA:83,30
DA:84,14
DA:85,49
DA:86,32
DA:87,2
DA:89,31
DA:90,37
DA:91,7
DA:92,51
DA:93,48
DA:95,37
DA:96,76
DA:97,57
DA:98,53
DA:99,4
DA:101,44
DA:104,65
DA:105,36
DA:106,50
DA:107,2
DA:108,12
LF:69
LH:69
end_of_record
TN:
SF:extensions/vcc-core/core/format.ts
FNF:8
FNH:8
DA:4,35
DA:5,37
DA:6,49
DA:7,28
DA:10,48
DA:11,40
DA:13,38
DA:14,46
DA:16,68
DA:17,79
DA:18,21
DA:19,23
DA:20,18
DA:21,56
DA:22,61
DA:23,56
DA:24,55
DA:25,16
DA:29,45
DA:30,60
DA:31,37
DA:32,13
DA:33,67
DA:34,57
DA:36,30
DA:37,2
DA:39,51
DA:40,16
DA:43,45
DA:44,66
DA:46,35
DA:47,31
DA:48,33
DA:49,31
DA:50,33
DA:52,61
DA:53,56
DA:54,65
DA:57,26
DA:58,131
DA:65,54
DA:66,64
DA:67,25
DA:68,46
DA:69,55
DA:70,37
DA:71,60
DA:72,51
DA:73,20
DA:75,19
DA:76,32
DA:77,35
DA:78,2
DA:79,30
DA:80,86
DA:81,2
DA:83,37
DA:88,40
LF:58
LH:58
end_of_record
TN:
SF:extensions/vcc-core/core/lineage.ts
FNF:5
FNH:5
DA:11,61
DA:12,9
DA:13,52
DA:14,29
DA:15,63
DA:16,3
DA:17,9
DA:21,9
DA:22,52
DA:23,61
DA:24,11
DA:25,15
LF:12
LH:12
end_of_record
TN:
SF:extensions/vcc-core/core/load-messages.ts
FNF:1
FNH:1
DA:2,39
DA:4,49
DA:11,30
DA:12,13
DA:13,6
DA:14,20
DA:15,3
DA:16,14
DA:17,9
DA:18,48
DA:19,11
DA:20,42
DA:22,21
DA:23,42
DA:24,34
DA:25,48
DA:26,2
DA:27,22
DA:28,25
DA:30,23
DA:31,29
DA:32,56
DA:33,32
DA:35,66
DA:36,19
DA:37,66
DA:38,32
DA:39,4
DA:40,17
DA:41,2
DA:43,33
LF:31
LH:31
end_of_record
TN:
SF:extensions/vcc-core/core/migrate-stale.ts
FNF:6
FNH:6
DA:6,34
DA:7,34
DA:8,33
DA:10,57
DA:11,25
DA:13,7
DA:14,9
DA:15,50
DA:16,11
DA:17,11
DA:21,7
DA:22,9
DA:23,44
DA:24,11
DA:25,13
DA:29,15
DA:30,37
DA:31,55
DA:32,61
DA:33,51
DA:34,46
DA:36,37
DA:37,65
DA:39,35
DA:40,94
DA:42,66
DA:43,64
DA:44,65
DA:46,24
DA:47,24
DA:49,33
DA:50,55
DA:51,55
DA:54,30
DA:55,29
DA:56,27
DA:57,11
DA:58,30
DA:59,13
DA:60,14
DA:64,29
DA:65,29
DA:66,26
DA:67,25
DA:68,42
DA:69,17
DA:70,27
DA:71,2
DA:73,34
DA:74,31
DA:75,34
DA:76,36
DA:77,63
DA:78,24
DA:79,30
DA:80,28
DA:81,17
DA:82,46
DA:83,33
DA:84,37
DA:85,57
DA:86,21
DA:87,134
DA:88,12
DA:89,10
DA:90,8
DA:91,8
DA:92,53
DA:93,36
DA:94,29
DA:95,8
DA:96,85
DA:97,4
DA:98,2
DA:99,2
DA:101,39
DA:102,38
DA:103,22
DA:104,28
DA:105,33
DA:106,19
DA:107,5
DA:108,4
DA:109,4
DA:110,61
DA:111,28
DA:112,38
DA:113,35
DA:114,28
DA:115,26
DA:116,15
DA:117,44
DA:118,71
DA:119,35
DA:120,55
DA:121,19
DA:122,130
DA:123,10
DA:124,8
DA:125,6
DA:126,6
DA:127,51
DA:128,34
DA:129,65
DA:130,6
DA:131,55
DA:132,2
DA:133,2
DA:135,35
DA:136,29
DA:137,35
DA:138,65
DA:139,29
DA:140,37
DA:141,98
DA:142,13
DA:143,42
DA:144,73
DA:145,36
DA:146,56
DA:147,17
DA:148,126
DA:149,8
DA:150,6
DA:151,4
DA:152,2
DA:153,2
DA:155,60
DA:156,11
DA:157,69
DA:158,4
DA:159,101
DA:160,2
DA:161,17
LF:134
LH:134
end_of_record
TN:
SF:extensions/vcc-core/core/normalize.ts
FNF:3
FNH:3
DA:4,35
DA:5,38
DA:7,41
DA:8,29
DA:9,22
DA:10,47
DA:11,76
DA:12,58
DA:13,40
DA:14,37
DA:15,96
DA:16,6
DA:17,4
DA:18,4
DA:19,32
DA:20,2
DA:22,38
DA:23,34
DA:24,33
DA:25,30
DA:26,91
DA:27,2
DA:29,35
DA:30,15
DA:31,26
DA:32,25
DA:33,42
DA:34,25
DA:35,2
DA:36,2
DA:38,34
DA:39,26
DA:40,43
DA:41,82
DA:42,4
DA:44,22
DA:45,38
DA:46,34
DA:47,91
DA:48,44
DA:49,72
DA:50,108
DA:51,44
DA:52,23
DA:53,28
DA:54,26
DA:55,31
DA:56,29
DA:57,9
DA:58,5
DA:59,4
DA:60,13
DA:61,2
DA:66,31
DA:67,47
DA:68,70
DA:69,0
DA:70,2
DA:72,11
DA:75,37
DA:76,48
LF:61
LH:60
end_of_record
TN:
SF:extensions/vcc-core/core/rank.ts
FNF:21
FNH:21
DA:3,42
DA:4,58
DA:43,30
DA:44,33
DA:46,84
DA:47,94
DA:48,125
DA:49,69
DA:52,27
DA:53,126
DA:54,48
DA:60,28
DA:61,117
DA:62,32
DA:64,36
DA:65,30
DA:66,18
DA:67,42
DA:68,24
DA:72,46
DA:73,24
DA:74,2
DA:75,104
DA:76,32
DA:79,66
DA:81,41
DA:82,31
DA:83,108
DA:84,25
DA:85,2
DA:86,8
DA:89,34
DA:90,79
DA:91,31
DA:92,76
DA:93,17
DA:94,2
DA:95,8
DA:98,41
DA:99,25
DA:100,31
DA:103,18
DA:104,7
DA:105,7
DA:106,7
DA:107,15
DA:108,14
DA:109,3
DA:110,57
DA:111,69
DA:112,34
DA:114,59
DA:115,72
DA:116,66
DA:117,77
DA:119,36
DA:120,48
DA:121,71
DA:122,90
DA:123,75
DA:124,42
DA:125,93
DA:126,49
DA:127,2
DA:129,31
DA:130,27
DA:131,91
DA:132,49
DA:133,88
DA:136,97
DA:137,55
DA:138,2
DA:139,2
DA:141,36
DA:142,14
DA:143,37
DA:144,31
DA:145,2
DA:147,101
DA:148,15
DA:151,36
DA:152,25
DA:153,138
DA:154,20
DA:156,33
DA:157,59
DA:158,45
DA:159,51
DA:160,5
DA:161,4
DA:162,4
DA:163,59
DA:164,50
DA:165,50
DA:166,5
DA:167,4
DA:168,4
DA:169,75
DA:170,85
DA:171,51
DA:172,5
DA:173,4
DA:174,2
DA:175,3
DA:178,46
DA:179,51
DA:180,70
DA:181,2
DA:182,8
DA:185,51
DA:186,43
DA:187,30
DA:188,56
DA:189,92
DA:190,46
DA:191,41
DA:192,50
DA:193,2
DA:194,3
DA:197,29
DA:198,46
DA:199,49
DA:200,52
DA:201,17
DA:202,59
DA:203,39
DA:204,2
DA:205,36
DA:206,38
DA:207,55
DA:208,2
DA:209,8
DA:212,58
DA:213,66
DA:214,58
DA:215,111
DA:216,25
DA:217,40
DA:218,15
DA:221,38
DA:222,8
DA:223,17
DA:224,3
DA:225,60
DA:230,22
DA:231,109
DA:232,11
DA:233,9
DA:234,30
DA:235,75
DA:236,1
DA:237,3
DA:238,23
DA:240,74
DA:242,106
DA:243,50
DA:244,27
DA:245,27
DA:248,37
DA:249,6
DA:250,77
DA:251,20
DA:258,96
DA:259,54
DA:260,37
DA:261,67
DA:262,20
DA:263,40
DA:264,36
DA:265,32
DA:266,2
DA:268,83
DA:269,32
DA:270,45
DA:271,46
DA:272,55
DA:273,37
DA:274,46
DA:275,17
DA:277,71
DA:278,35
DA:279,4
DA:280,29
DA:281,32
DA:282,2
DA:284,61
LF:186
LH:186
end_of_record
TN:
SF:extensions/vcc-core/core/recall-scope.ts
FNF:3
FNH:3
DA:5,44
DA:7,51
DA:9,45
DA:10,78
DA:20,43
DA:21,65
DA:22,20
DA:23,10
DA:25,43
DA:26,37
DA:27,12
DA:28,44
DA:29,62
DA:30,2
LF:14
LH:14
end_of_record
TN:
SF:extensions/vcc-core/core/render-entries.ts
FNF:8
FNH:8
DA:3,53
DA:4,48
DA:5,42
DA:14,32
DA:15,58
DA:16,15
DA:17,35
DA:18,57
DA:19,12
DA:22,46
DA:23,58
DA:24,15
DA:25,35
DA:26,35
DA:27,25
DA:30,60
DA:31,29
DA:32,97
DA:33,2
DA:34,35
DA:35,74
DA:36,14
DA:37,38
DA:38,40
DA:39,1
DA:40,2
DA:42,38
DA:43,34
DA:44,33
DA:45,52
DA:46,45
DA:47,2
DA:48,43
DA:49,72
DA:50,39
DA:51,53
DA:52,37
DA:53,71
DA:54,2
DA:55,48
DA:56,79
LF:41
LH:41
end_of_record
TN:
SF:extensions/vcc-core/core/report.ts
FNF:24
FNH:24
DA:3,49
DA:4,33
DA:5,40
DA:6,49
DA:7,49
DA:8,38
DA:9,59
DA:11,96
DA:65,34
DA:66,58
DA:67,32
DA:68,49
DA:69,64
DA:70,64
DA:71,2
DA:72,15
DA:75,35
DA:76,20
DA:77,12
DA:78,17
DA:79,17
DA:80,16
DA:81,4
DA:83,45
DA:84,51
DA:85,66
DA:86,66
DA:87,68
DA:88,2
DA:90,15
DA:93,33
DA:94,9
DA:95,66
DA:96,33
DA:98,34
DA:99,24
DA:100,45
DA:101,38
DA:102,69
DA:103,36
DA:104,69
DA:105,4
DA:106,2
DA:107,2
DA:108,32
DA:111,48
DA:112,73
DA:113,31
DA:114,42
DA:115,16
DA:116,76
DA:117,8
DA:118,2
DA:120,45
DA:121,42
DA:122,12
DA:123,89
DA:124,10
DA:125,85
DA:126,12
DA:129,34
DA:130,73
DA:132,39
DA:133,31
DA:134,32
DA:135,17
DA:136,53
DA:139,30
DA:140,44
DA:141,25
DA:142,16
DA:144,27
DA:145,35
DA:146,36
DA:149,39
DA:150,33
DA:151,13
DA:152,14
DA:153,13
DA:154,16
DA:155,35
DA:158,41
DA:159,37
DA:160,41
DA:163,21
DA:164,28
DA:165,34
DA:166,69
DA:167,86
DA:168,6
DA:169,21
DA:170,2
DA:171,2
DA:173,23
DA:174,55
DA:175,39
DA:176,62
DA:177,4
DA:179,73
DA:181,17
DA:182,29
DA:183,35
DA:184,38
DA:185,31
DA:186,14
DA:187,12
DA:188,17
DA:189,12
DA:190,53
DA:191,63
DA:192,1
DA:193,2
DA:194,33
DA:197,46
DA:198,33
DA:199,68
DA:200,50
DA:201,46
DA:203,12
DA:204,12
DA:205,15
DA:206,42
DA:207,45
DA:208,47
DA:209,17
DA:210,59
DA:211,15
DA:212,38
DA:213,6
DA:214,14
DA:215,36
DA:216,63
DA:217,44
DA:218,30
DA:219,42
DA:220,52
DA:221,51
DA:222,6
DA:223,20
DA:224,30
DA:225,33
DA:226,85
DA:227,41
DA:228,6
DA:229,15
DA:230,45
DA:231,3
DA:232,2
LF:148
LH:148
end_of_record
TN:
SF:extensions/vcc-core/core/sanitize.ts
FNF:1
FNH:1
DA:2,41
DA:3,48
DA:5,32
DA:6,86
LF:4
LH:4
end_of_record
TN:
SF:extensions/vcc-core/core/search-entries.ts
FNF:36
FNH:36
DA:4,117
DA:5,89
DA:40,25
DA:41,41
DA:45,32
DA:46,17
DA:47,66
DA:48,19
DA:49,34
DA:50,52
DA:51,95
DA:52,2
DA:53,37
DA:62,42
DA:63,20
DA:64,22
DA:65,44
DA:66,25
DA:67,19
DA:68,16
DA:69,18
DA:70,58
DA:71,21
DA:72,42
DA:73,45
DA:74,49
DA:75,31
DA:76,17
DA:77,8
DA:78,4
DA:79,39
DA:80,40
DA:81,39
DA:82,19
DA:83,2
DA:84,2
DA:85,14
DA:90,32
DA:91,82
DA:92,9
DA:93,32
DA:94,11
DA:95,46
DA:110,30
DA:112,27
DA:113,49
DA:114,17
DA:115,33
DA:116,16
DA:117,87
DA:118,61
DA:119,1
DA:120,4
DA:125,32
DA:126,33
DA:129,33
DA:130,51
DA:131,40
DA:135,28
DA:137,79
DA:138,78
DA:139,76
DA:140,78
DA:141,78
DA:142,78
DA:143,78
DA:144,77
DA:145,76
DA:146,63
DA:147,3
DA:150,36
DA:151,88
DA:153,49
DA:157,38
DA:158,16
DA:159,27
DA:160,41
DA:161,2
DA:162,14
DA:166,19
DA:167,20
DA:170,37
DA:171,63
DA:172,35
DA:182,56
DA:183,24
DA:184,21
DA:185,19
DA:187,28
DA:188,18
DA:189,40
DA:190,29
DA:191,36
DA:192,38
DA:193,4
DA:194,2
DA:195,2
DA:197,52
DA:204,40
DA:205,37
DA:206,16
DA:207,18
DA:208,28
DA:210,27
DA:211,47
DA:212,34
DA:213,22
DA:214,35
DA:216,39
DA:218,72
DA:219,102
DA:220,24
DA:221,2
DA:223,105
DA:227,56
DA:228,31
DA:229,20
DA:230,42
DA:231,32
DA:232,19
DA:233,5
DA:234,2
DA:235,2
DA:236,31
DA:238,53
DA:239,66
DA:240,40
DA:242,19
DA:243,19
DA:244,23
DA:245,80
DA:246,23
DA:261,30
DA:274,38
DA:279,39
DA:280,58
DA:281,20
DA:282,41
DA:283,62
DA:284,53
DA:285,16
DA:286,11
DA:287,36
DA:304,27
DA:305,33
DA:306,0
DA:307,2
DA:308,87
DA:309,9
DA:310,2
DA:311,35
DA:312,43
DA:313,49
DA:314,60
DA:324,14
DA:325,67
DA:326,24
DA:327,36
DA:328,75
DA:329,32
DA:330,45
DA:331,55
DA:332,18
DA:333,37
DA:334,48
DA:335,74
DA:336,23
DA:337,32
DA:338,11
DA:339,30
DA:340,5
DA:341,2
DA:342,18
DA:351,6
DA:352,10
DA:353,10
DA:354,3
DA:355,22
DA:356,45
DA:357,28
DA:358,46
DA:359,35
DA:360,44
DA:361,31
DA:362,55
DA:363,6
DA:364,68
DA:365,2
DA:366,2
DA:367,32
DA:414,39
DA:435,29
DA:457,29
DA:458,8
DA:459,7
DA:460,16
DA:461,3
DA:462,42
DA:463,99
DA:479,32
DA:480,37
DA:481,63
DA:482,84
DA:490,36
DA:491,9
DA:492,10
DA:493,7
DA:494,11
DA:495,3
DA:496,98
DA:498,82
DA:499,47
DA:500,32
DA:501,36
DA:514,34
DA:515,38
DA:516,20
DA:517,46
DA:518,20
DA:519,27
DA:520,30
DA:521,37
DA:522,48
DA:523,50
DA:524,29
DA:525,46
DA:526,56
DA:527,4
DA:528,4
DA:529,52
DA:530,2
DA:533,41
DA:534,42
DA:535,37
DA:538,18
DA:539,44
DA:540,25
DA:541,28
DA:542,46
DA:543,46
DA:544,45
DA:545,2
DA:547,57
DA:549,20
DA:550,44
DA:551,18
DA:552,25
DA:553,24
DA:554,40
DA:555,30
DA:556,81
DA:557,51
DA:558,43
DA:559,19
DA:560,51
DA:561,12
DA:562,9
DA:563,20
DA:564,15
DA:565,5
DA:566,2
DA:572,93
DA:573,45
DA:574,6
DA:575,90
DA:576,5
DA:577,65
DA:581,22
DA:582,100
DA:587,45
DA:594,75
DA:595,117
DA:596,44
DA:599,28
DA:600,9
DA:601,10
DA:602,10
DA:603,52
LF:278
LH:277
end_of_record
TN:
SF:extensions/vcc-core/core/settings.ts
FNF:11
FNH:11
DA:2,77
DA:3,34
DA:4,42
DA:9,102
DA:10,81
DA:11,75
DA:12,25
DA:13,35
DA:14,34
DA:15,22
DA:17,44
DA:21,32
DA:22,24
DA:23,89
DA:24,87
DA:25,41
DA:26,73
DA:27,61
DA:29,2
DA:77,34
DA:78,19
DA:79,34
DA:80,22
DA:81,38
DA:82,15
DA:83,22
DA:84,2
DA:86,28
DA:87,9
DA:88,47
DA:89,11
DA:90,13
DA:94,14
DA:99,28
DA:100,11
DA:101,20
DA:102,20
DA:103,59
DA:104,31
DA:105,83
DA:106,75
DA:107,4
DA:108,9
DA:110,24
DA:111,35
DA:112,49
DA:113,36
DA:114,43
DA:115,6
DA:116,51
DA:117,43
DA:118,4
DA:119,25
DA:121,21
DA:122,51
DA:123,130
DA:124,41
DA:125,2
DA:126,66
DA:135,11
DA:136,9
DA:137,32
DA:138,30
DA:139,30
DA:141,29
DA:143,75
DA:144,50
DA:145,60
DA:146,68
DA:147,6
DA:148,6
DA:149,74
DA:150,6
DA:151,4
DA:153,34
DA:154,51
DA:156,24
DA:157,31
DA:158,67
DA:159,28
DA:160,26
DA:161,21
DA:162,4
DA:163,4
DA:164,74
DA:165,2
DA:171,11
DA:172,22
DA:199,14
DA:200,30
DA:201,39
DA:202,29
DA:203,42
DA:204,17
DA:205,34
DA:206,29
DA:207,36
DA:208,22
DA:209,26
DA:210,20
DA:211,4
DA:212,2
DA:213,2
DA:214,54
DA:215,55
DA:216,15
DA:217,17
DA:218,36
DA:219,25
DA:220,21
DA:221,51
DA:222,64
DA:223,2
DA:224,13
DA:225,30
DA:226,13
DA:227,22
DA:228,24
DA:229,63
DA:230,59
DA:231,109
DA:232,79
DA:233,6
DA:234,11
DA:236,53
DA:237,132
DA:238,29
DA:239,22
DA:240,29
DA:241,4
DA:242,2
DA:243,2
DA:244,90
LF:133
LH:133
end_of_record
TN:
SF:extensions/vcc-core/core/skill-collapse.ts
FNF:3
FNH:3
DA:4,53
DA:5,41
DA:8,46
DA:9,20
DA:10,29
DA:11,26
DA:13,30
DA:14,48
DA:15,22
DA:16,25
DA:17,33
DA:18,35
DA:19,29
DA:20,38
DA:21,6
DA:22,8
DA:23,4
DA:24,23
DA:25,62
DA:26,8
DA:27,4
DA:28,20
DA:29,2
DA:30,15
DA:34,79
DA:35,41
DA:36,59
LF:27
LH:27
end_of_record
TN:
SF:extensions/vcc-core/core/summarize.ts
FNF:27
FNH:26
DA:4,40
DA:5,45
DA:6,49
DA:7,96
DA:8,49
DA:9,59
DA:21,113
DA:23,24
DA:26,37
DA:27,28
DA:31,40
DA:32,74
DA:33,30
DA:34,56
DA:35,34
DA:37,33
DA:38,26
DA:39,65
DA:40,30
DA:41,20
DA:42,35
DA:43,48
DA:47,27
DA:48,38
DA:49,66
DA:52,88
DA:53,43
DA:54,20
DA:60,37
DA:61,17
DA:62,39
DA:63,49
DA:64,31
DA:65,39
DA:66,71
DA:67,13
DA:68,21
DA:70,2
DA:71,12
DA:75,53
DA:77,54
DA:83,40
DA:84,31
DA:85,34
DA:86,2
DA:88,27
DA:89,27
DA:92,93
DA:93,60
DA:94,62
DA:95,63
DA:96,42
DA:97,50
DA:98,29
DA:99,40
DA:101,41
DA:102,53
DA:103,20
DA:104,55
DA:114,44
DA:115,60
DA:116,40
DA:117,31
DA:118,56
DA:119,5
DA:121,37
DA:122,77
DA:123,36
DA:124,38
DA:125,89
DA:126,11
DA:127,4
DA:128,74
DA:129,19
DA:130,35
DA:131,68
DA:132,0
DA:133,3
DA:135,38
DA:136,23
DA:137,26
DA:138,21
DA:139,60
DA:140,21
DA:141,9
DA:143,41
DA:144,64
DA:147,50
DA:148,16
DA:149,51
DA:150,96
DA:151,8
DA:152,6
DA:153,44
DA:154,33
DA:155,96
DA:156,46
DA:157,15
DA:158,18
DA:160,4
DA:161,10
DA:162,2
DA:165,61
DA:170,19
DA:171,34
DA:172,44
DA:173,73
DA:174,28
DA:175,2
DA:176,2
DA:177,28
DA:178,47
DA:181,47
DA:182,15
DA:183,16
DA:184,26
DA:187,31
DA:188,29
DA:190,50
DA:191,32
DA:192,31
DA:193,45
DA:194,38
DA:195,61
DA:196,56
DA:197,46
DA:198,65
DA:201,62
DA:202,15
DA:203,37
DA:204,43
DA:205,71
DA:206,66
DA:207,40
DA:210,54
DA:212,29
DA:213,20
DA:214,46
DA:215,44
DA:216,52
DA:217,2
DA:218,18
DA:221,34
DA:222,36
DA:223,48
DA:224,60
DA:225,45
DA:227,19
DA:228,28
DA:229,31
DA:230,2
DA:231,21
DA:232,76
DA:233,2
DA:235,30
DA:244,57
DA:245,56
DA:246,55
DA:247,78
DA:248,91
DA:251,36
DA:252,40
DA:253,11
DA:254,115
DA:255,26
DA:256,56
DA:259,32
DA:260,30
DA:262,38
DA:263,33
DA:264,67
DA:265,18
DA:266,50
DA:267,4
DA:268,23
DA:269,32
DA:270,2
DA:272,67
DA:274,94
DA:276,35
DA:280,47
DA:281,46
DA:282,83
LF:183
LH:182
end_of_record
TN:
SF:extensions/vcc-core/core/token-estimate.ts
FNF:10
FNH:10
DA:2,60
DA:3,43
DA:4,38
DA:16,33
DA:17,36
DA:19,37
DA:20,13
DA:21,14
DA:22,15
DA:23,3
DA:24,64
DA:25,44
DA:26,2
DA:28,54
DA:29,69
DA:30,44
DA:31,2
DA:40,20
DA:41,99
DA:42,77
DA:43,42
DA:44,88
DA:45,4
DA:46,39
DA:47,88
DA:48,2
DA:49,2
DA:51,12
DA:52,23
DA:53,45
DA:54,16
DA:55,17
DA:56,18
DA:57,3
DA:60,38
DA:61,7
DA:62,16
DA:63,33
DA:69,60
DA:71,38
DA:72,9
DA:73,40
DA:74,0
DA:75,2
DA:89,57
DA:90,58
DA:91,41
DA:92,41
DA:93,57
DA:94,30
DA:95,15
DA:96,66
DA:97,19
DA:98,77
DA:99,21
DA:100,50
DA:101,84
DA:102,49
DA:103,5
DA:104,23
DA:105,31
DA:106,45
DA:107,5
DA:108,16
DA:109,13
DA:112,66
DA:114,4
DA:117,43
DA:118,9
DA:119,16
DA:120,77
DA:144,48
DA:145,20
DA:146,25
DA:147,24
DA:148,21
DA:149,22
DA:150,20
DA:151,21
DA:154,18
DA:155,33
DA:156,72
DA:157,69
DA:159,37
DA:160,60
DA:161,39
DA:162,36
DA:163,95
DA:164,4
DA:165,6
DA:167,75
DA:168,23
DA:169,36
DA:170,52
DA:171,43
DA:172,72
DA:173,76
DA:174,56
DA:175,54
DA:176,4
DA:177,23
DA:178,38
DA:179,22
DA:180,72
DA:181,91
DA:182,4
DA:183,4
DA:184,32
DA:185,61
DA:186,30
DA:187,39
DA:188,100
DA:189,4
DA:190,42
DA:191,71
DA:192,53
DA:193,29
DA:194,26
DA:195,13
DA:196,60
DA:197,31
DA:199,2
DA:200,46
DA:201,82
DA:202,92
DA:203,12
DA:204,40
DA:205,11
DA:206,18
DA:207,24
DA:208,47
DA:209,15
DA:210,16
DA:211,83
DA:212,85
DA:213,16
DA:214,13
DA:215,2
LF:138
LH:137
end_of_record
TN:
SF:extensions/vcc-core/core/tool-args.ts
FNF:2
FNH:2
DA:2,67
DA:4,38
DA:5,65
DA:6,57
DA:7,2
DA:8,13
DA:11,44
DA:12,33
DA:13,35
DA:14,74
DA:15,68
DA:16,36
LF:12
LH:12
end_of_record
TN:
SF:extensions/vcc-core/extract/commits.ts
FNF:5
FNH:5
DA:9,115
DA:11,39
DA:13,31
DA:14,45
DA:15,20
DA:18,28
DA:19,53
DA:25,43
DA:26,21
DA:28,43
DA:29,24
DA:30,65
DA:31,66
DA:32,51
DA:33,39
DA:34,24
DA:35,74
DA:36,30
DA:38,13
DA:40,66
DA:41,26
DA:42,50
DA:44,65
DA:45,58
DA:46,77
DA:47,54
DA:48,42
DA:49,52
DA:50,4
DA:53,44
DA:54,71
DA:55,36
DA:56,2
DA:57,2
DA:59,16
DA:62,54
DA:63,19
DA:64,38
DA:65,27
DA:66,44
DA:67,38
DA:68,2
DA:69,13
LF:43
LH:43
end_of_record
TN:
SF:extensions/vcc-core/extract/files.ts
FNF:9
FNH:9
DA:3,48
DA:13,34
DA:14,30
DA:15,3
DA:20,35
DA:21,48
DA:22,59
DA:23,3
DA:25,36
DA:26,23
DA:27,3
DA:29,61
DA:37,50
DA:38,51
DA:39,33
DA:40,43
DA:41,52
DA:42,12
DA:43,24
DA:44,28
DA:45,50
DA:46,6
DA:47,2
DA:48,24
DA:49,45
DA:52,27
DA:53,8
DA:54,12
DA:55,3
DA:56,17
DA:57,44
DA:58,52
DA:59,47
DA:60,4
DA:62,28
DA:63,44
DA:64,34
DA:65,24
DA:67,61
DA:68,66
DA:69,64
DA:70,2
DA:75,12
DA:80,44
DA:83,43
DA:94,56
DA:95,37
DA:96,47
DA:97,80
DA:98,68
DA:99,99
DA:100,83
DA:101,25
DA:102,30
DA:103,67
DA:104,41
DA:105,39
DA:106,20
DA:107,24
DA:108,2
DA:109,39
DA:110,90
DA:111,2
DA:112,77
DA:113,60
DA:114,13
LF:66
LH:66
end_of_record
TN:
SF:extensions/vcc-core/extract/goals.ts
FNF:8
FNH:8
DA:3,54
DA:4,60
DA:6,23
DA:7,112
DA:9,15
DA:10,122
DA:12,97
DA:17,19
DA:18,222
DA:22,26
DA:23,93
DA:25,39
DA:26,63
DA:27,26
DA:30,35
DA:31,50
DA:33,27
DA:35,37
DA:36,24
DA:37,35
DA:38,47
DA:39,32
DA:40,29
DA:41,13
DA:46,26
DA:48,41
DA:49,19
DA:50,31
DA:52,28
DA:53,39
DA:54,43
DA:55,51
DA:56,70
DA:57,24
DA:58,30
DA:59,40
DA:61,30
DA:62,39
DA:63,8
DA:64,4
DA:66,51
DA:67,41
DA:68,76
DA:69,63
DA:70,76
DA:71,3
DA:72,2
DA:75,59
DA:76,53
DA:77,2
DA:79,25
LF:51
LH:51
end_of_record
TN:
SF:extensions/vcc-core/extract/preferences.ts
FNF:5
FNH:5
DA:3,54
DA:6,24
DA:7,34
DA:8,21
DA:9,101
DA:10,96
DA:11,67
DA:12,50
DA:13,2
DA:15,47
DA:16,19
DA:17,23
DA:19,28
DA:20,39
DA:22,21
DA:23,48
DA:24,34
DA:25,56
DA:26,46
DA:28,75
DA:29,67
DA:31,41
DA:32,40
DA:33,39
DA:34,20
DA:35,26
DA:38,32
DA:39,2
DA:40,2
DA:42,27
DA:49,43
DA:50,7
DA:51,10
DA:52,3
DA:53,43
DA:54,43
DA:55,48
LF:37
LH:37
end_of_record
TN:
SF:extensions/vcc-core/hook.ts
FNF:99
FNH:96
DA:3,44
DA:4,40
DA:5,49
DA:6,115
DA:7,90
DA:8,166
DA:11,75
DA:12,125
DA:13,126
DA:14,87
DA:15,168
DA:16,169
DA:19,26
DA:20,6
DA:21,45
DA:22,64
DA:23,26
DA:24,8
DA:25,6
DA:26,79
DA:27,48
DA:28,51
DA:29,28
DA:30,1
DA:31,8
DA:33,65
DA:34,57
DA:36,22
DA:78,41
DA:80,21
DA:81,32
DA:82,33
DA:83,36
DA:84,23
DA:88,26
DA:91,26
DA:93,38
DA:94,26
DA:95,39
DA:96,24
DA:97,190
DA:98,25
DA:99,10
DA:101,33
DA:102,58
DA:103,16
DA:104,25
DA:105,11
DA:106,20
DA:107,13
DA:108,29
DA:109,64
DA:110,2
DA:111,2
DA:112,11
DA:113,26
DA:114,58
DA:115,3
DA:117,131
DA:118,137
DA:119,102
DA:120,47
DA:121,25
DA:122,45
DA:123,41
DA:124,34
DA:125,45
DA:127,43
DA:128,36
DA:129,25
DA:130,35
DA:131,36
DA:132,48
DA:133,48
DA:134,5
DA:135,35
DA:136,46
DA:147,65
DA:148,71
DA:150,49
DA:151,15
DA:152,5
DA:153,42
DA:154,16
DA:155,19
DA:156,20
DA:157,3
DA:158,5
DA:159,22
DA:160,23
DA:161,1
DA:162,5
DA:166,47
DA:167,12
DA:168,27
DA:169,27
DA:170,2
DA:171,18
DA:173,29
DA:174,53
DA:175,18
DA:178,49
DA:179,41
DA:180,63
DA:181,61
DA:182,111
DA:183,65
DA:184,122
DA:185,91
DA:186,144
DA:187,46
DA:188,43
DA:189,45
DA:190,47
DA:191,25
DA:192,86
DA:193,25
DA:194,129
DA:195,4
DA:196,113
DA:197,2
DA:198,45
DA:199,33
DA:200,27
DA:201,2
DA:202,23
DA:203,128
DA:204,2
DA:205,114
DA:208,45
DA:209,12
DA:210,27
DA:211,51
DA:212,2
DA:213,27
DA:216,53
DA:217,21
DA:218,19
DA:219,30
DA:220,31
DA:221,41
DA:222,34
DA:223,32
DA:224,28
DA:225,13
DA:226,26
DA:227,25
DA:228,36
DA:229,37
DA:230,47
DA:231,38
DA:232,4
DA:237,19
DA:238,2
DA:239,21
DA:242,46
DA:243,70
DA:244,82
DA:245,46
DA:246,41
DA:247,39
DA:248,57
DA:249,112
DA:250,121
DA:251,157
DA:252,80
DA:253,43
DA:254,45
DA:255,41
DA:256,41
DA:257,124
DA:258,106
DA:259,93
DA:260,4
DA:261,40
DA:264,49
DA:265,51
DA:266,41
DA:267,63
DA:268,118
DA:269,127
DA:270,31
DA:271,45
DA:272,47
DA:273,43
DA:274,49
DA:275,47
DA:276,43
DA:277,19
DA:278,85
DA:279,132
DA:280,164
DA:281,189
DA:282,110
DA:283,4
DA:284,113
DA:285,124
DA:286,2
DA:287,23
DA:291,47
DA:292,20
DA:293,99
DA:294,12
DA:295,11
DA:296,54
DA:299,62
DA:300,21
DA:301,11
DA:302,18
DA:303,30
DA:304,6
DA:305,6
DA:306,4
DA:307,8
DA:310,58
DA:315,3
DA:316,45
DA:317,91
DA:318,94
DA:319,2
DA:321,86
DA:322,38
DA:323,43
DA:324,74
DA:325,16
DA:326,22
DA:327,49
DA:328,60
DA:329,26
DA:330,1
DA:331,2
DA:332,2
DA:334,56
DA:335,12
DA:336,19
DA:337,45
DA:338,56
DA:339,47
DA:340,3
DA:343,51
DA:344,41
DA:345,47
DA:348,33
DA:349,31
DA:350,85
DA:351,85
DA:354,37
DA:355,65
DA:356,32
DA:357,15
DA:358,17
DA:359,55
DA:360,69
DA:361,59
DA:362,67
DA:363,34
DA:364,2
DA:365,9
DA:366,13
DA:367,2
DA:368,11
DA:379,34
DA:380,71
DA:381,41
DA:382,14
DA:383,21
DA:384,35
DA:385,29
DA:386,29
DA:387,29
DA:388,74
DA:389,1
DA:390,2
DA:391,41
DA:392,14
DA:393,28
DA:394,29
DA:395,27
DA:396,25
DA:397,74
DA:398,1
DA:399,2
DA:400,13
DA:421,55
DA:423,29
DA:424,17
DA:425,55
DA:426,50
DA:427,28
DA:428,53
DA:429,5
DA:430,2
DA:431,2
DA:438,28
DA:439,70
DA:440,54
DA:441,27
DA:442,5
DA:443,2
DA:444,2
DA:445,46
DA:446,28
DA:447,71
DA:448,33
DA:449,49
DA:450,53
DA:451,33
DA:452,60
DA:453,4
DA:454,19
DA:455,2
DA:460,52
DA:461,86
DA:462,63
DA:465,26
DA:466,24
DA:467,72
DA:468,33
DA:469,49
DA:470,53
DA:471,33
DA:472,60
DA:473,2
DA:474,11
DA:475,32
DA:476,37
DA:477,67
DA:478,36
DA:479,49
DA:480,53
DA:481,33
DA:482,60
DA:483,4
DA:485,21
DA:488,65
DA:489,72
DA:490,58
DA:492,83
DA:493,87
DA:495,59
DA:496,50
DA:497,12
DA:498,6
DA:499,54
DA:500,13
DA:501,47
DA:502,25
DA:503,21
DA:504,21
DA:505,39
DA:506,52
DA:507,26
DA:508,4
DA:510,62
DA:513,69
DA:514,67
DA:516,21
DA:523,50
DA:524,42
DA:525,16
DA:526,17
DA:527,59
DA:528,62
DA:529,26
DA:530,42
DA:531,43
DA:532,56
DA:533,37
DA:534,1
DA:535,4
DA:538,23
DA:539,2
DA:540,12
DA:541,13
DA:542,64
DA:543,52
DA:544,22
DA:545,54
DA:546,39
DA:547,52
DA:548,33
DA:549,2
DA:556,33
DA:557,6
DA:558,11
DA:559,18
DA:560,3
DA:561,14
DA:562,19
DA:563,46
DA:564,80
DA:565,28
DA:566,18
DA:567,5
DA:568,2
DA:569,2
DA:570,30
DA:572,60
DA:573,57
DA:574,2
DA:575,11
DA:578,30
DA:579,15
DA:580,5
DA:581,14
DA:582,3
DA:583,17
DA:584,60
DA:585,63
DA:586,50
DA:588,46
DA:589,13
DA:590,53
DA:591,41
DA:592,22
DA:593,81
DA:594,71
DA:595,55
DA:596,36
DA:597,11
DA:598,4
DA:602,24
DA:603,43
DA:604,72
DA:605,31
DA:606,37
DA:607,2
DA:611,40
DA:612,21
DA:613,49
DA:614,90
DA:615,2
DA:616,52
DA:617,70
DA:618,36
DA:619,44
DA:624,42
DA:625,43
DA:655,76
DA:656,56
DA:660,75
DA:664,50
DA:665,75
DA:666,21
DA:667,40
DA:668,66
DA:669,1
DA:670,4
DA:671,54
DA:681,52
DA:682,60
DA:683,60
DA:684,52
DA:686,46
DA:687,76
DA:688,2
DA:690,89
DA:692,54
DA:693,76
DA:694,2
DA:696,60
DA:697,59
DA:699,26
DA:700,56
DA:701,80
DA:702,55
DA:703,15
DA:704,2
DA:706,12
DA:707,28
DA:708,41
DA:709,20
DA:710,3
DA:713,26
DA:714,69
DA:715,62
DA:716,2
DA:718,50
DA:721,32
DA:722,58
DA:723,54
DA:724,114
DA:725,6
DA:726,72
DA:727,4
DA:729,38
DA:730,36
DA:731,4
DA:733,52
DA:734,69
DA:735,68
DA:736,39
DA:737,40
DA:741,126
DA:742,39
DA:749,79
DA:750,72
DA:751,43
DA:752,107
DA:753,4
DA:754,67
DA:756,57
DA:757,51
DA:758,30
DA:759,69
DA:760,1
DA:761,3
DA:762,5
DA:763,81
DA:764,36
DA:765,5
DA:769,45
DA:770,24
DA:771,13
DA:772,74
DA:773,9
DA:774,16
DA:775,6
DA:776,45
DA:777,51
DA:778,26
DA:779,82
DA:780,6
DA:784,51
DA:785,20
DA:786,72
DA:787,38
DA:788,44
DA:789,46
DA:790,7
DA:791,92
DA:794,47
DA:795,100
DA:796,4
DA:797,22
DA:798,87
DA:799,71
DA:803,24
DA:804,68
DA:805,92
DA:806,6
DA:807,53
DA:808,54
DA:809,40
DA:810,29
DA:811,35
DA:812,27
DA:813,6
DA:814,54
DA:815,98
DA:816,63
DA:817,27
DA:818,29
DA:819,67
DA:820,37
DA:821,57
DA:822,61
DA:823,87
DA:824,6
DA:825,30
DA:826,74
DA:827,37
DA:828,57
DA:829,61
DA:830,87
DA:831,6
DA:832,15
DA:833,40
DA:834,41
DA:835,63
DA:836,44
DA:837,57
DA:838,61
DA:839,87
DA:840,13
DA:842,100
DA:844,41
DA:849,67
DA:850,119
DA:851,23
DA:852,35
DA:853,23
DA:854,30
DA:855,42
DA:856,16
DA:857,19
DA:858,38
DA:859,75
DA:860,81
DA:861,97
DA:862,10
DA:863,25
DA:864,34
DA:865,40
DA:866,47
DA:867,67
DA:868,38
DA:869,9
DA:870,7
DA:871,10
DA:872,37
DA:873,59
DA:874,42
DA:875,61
DA:876,11
DA:877,15
DA:878,52
DA:879,23
DA:880,64
DA:881,78
DA:882,8
DA:883,9
DA:885,38
DA:887,13
DA:888,67
DA:889,6
DA:890,23
DA:891,4
DA:893,49
DA:894,42
DA:895,53
DA:896,49
DA:899,76
DA:900,34
DA:901,64
DA:902,6
DA:903,36
DA:904,66
DA:905,1
DA:906,6
DA:907,90
DA:908,28
DA:926,44
DA:927,45
DA:928,45
DA:929,37
DA:930,15
DA:931,51
DA:932,18
DA:933,49
DA:934,84
DA:935,8
DA:936,18
DA:937,92
DA:938,100
DA:939,97
DA:940,5
DA:941,7
DA:947,50
DA:948,13
DA:949,91
DA:950,6
DA:951,23
DA:952,4
DA:954,98
DA:955,40
DA:956,96
DA:957,60
DA:958,90
DA:959,118
DA:961,24
DA:962,39
DA:963,31
DA:964,42
DA:965,44
DA:966,60
DA:967,28
DA:968,64
DA:969,20
DA:970,49
DA:971,40
DA:972,44
DA:973,13
DA:974,16
DA:975,19
DA:976,19
DA:977,23
DA:978,21
DA:979,21
DA:980,19
DA:981,7
DA:983,51
DA:984,55
DA:985,31
DA:986,107
DA:987,15
DA:988,19
DA:989,60
DA:990,79
DA:991,4
DA:992,6
DA:994,128
DA:995,38
DA:996,88
DA:997,19
DA:998,23
DA:999,34
DA:1000,40
DA:1001,48
DA:1002,118
DA:1003,116
DA:1004,41
DA:1005,46
DA:1006,23
DA:1007,16
DA:1008,19
DA:1009,20
DA:1010,36
DA:1011,44
DA:1012,46
DA:1013,18
DA:1014,21
DA:1015,21
DA:1016,25
DA:1017,22
DA:1018,23
DA:1019,23
DA:1020,21
DA:1021,5
DA:1022,7
DA:1024,23
DA:1025,27
DA:1026,17
DA:1027,46
DA:1028,47
DA:1029,64
DA:1030,13
DA:1031,16
DA:1032,18
DA:1033,21
DA:1034,21
DA:1035,25
DA:1036,22
DA:1037,23
DA:1038,23
DA:1039,21
DA:1040,5
DA:1041,6
DA:1043,40
DA:1045,14
DA:1046,21
DA:1047,16
DA:1048,16
DA:1049,47
DA:1050,22
DA:1051,5
DA:1052,1
DA:1053,4
DA:1054,44
DA:1055,68
DA:1056,40
DA:1057,56
DA:1058,39
DA:1059,29
DA:1060,36
DA:1061,20
DA:1063,40
DA:1064,100
DA:1065,40
DA:1066,38
DA:1067,48
DA:1068,82
DA:1069,34
DA:1070,42
DA:1071,42
DA:1072,45
DA:1073,42
DA:1074,6
DA:1075,23
DA:1076,38
DA:1077,38
DA:1078,41
DA:1079,38
DA:1080,6
DA:1081,32
DA:1082,32
DA:1083,35
DA:1084,34
DA:1085,13
DA:1086,38
DA:1087,25
DA:1088,22
DA:1089,122
DA:1090,104
DA:1091,11
DA:1092,6
DA:1093,4
DA:1094,4
DA:1095,52
DA:1096,31
DA:1097,29
DA:1102,100
DA:1103,183
DA:1104,46
DA:1107,11
DA:1108,41
DA:1109,27
DA:1110,44
DA:1111,132
DA:1112,34
DA:1113,68
DA:1114,39
DA:1115,66
DA:1116,43
DA:1117,125
DA:1118,10
DA:1119,17
DA:1120,121
DA:1122,4
DA:1123,4
DA:1124,26
DA:1125,13
DA:1126,47
DA:1127,4
DA:1128,48
DA:1129,34
DA:1130,4
DA:1131,5
DA:1136,60
DA:1137,65
DA:1139,26
DA:1140,20
DA:1142,43
DA:1143,32
DA:1144,19
DA:1145,38
DA:1146,53
DA:1147,37
DA:1148,64
DA:1149,53
DA:1150,4
DA:1151,4
DA:1152,21
DA:1153,23
DA:1154,24
DA:1155,63
DA:1156,21
DA:1157,22
DA:1158,54
DA:1159,66
DA:1160,30
DA:1161,84
DA:1162,107
DA:1163,37
DA:1164,36
DA:1165,38
DA:1166,31
DA:1167,85
DA:1168,60
DA:1169,148
DA:1170,8
DA:1171,8
DA:1172,91
DA:1173,44
DA:1174,6
DA:1175,37
DA:1176,42
DA:1177,31
DA:1178,85
DA:1179,63
DA:1180,151
DA:1181,8
DA:1182,8
DA:1183,127
DA:1184,44
DA:1185,6
DA:1186,61
DA:1187,96
DA:1188,64
DA:1189,64
DA:1190,44
DA:1191,6
DA:1192,53
DA:1193,32
DA:1194,92
DA:1195,41
DA:1196,65
DA:1197,81
DA:1198,178
DA:1199,76
DA:1200,90
DA:1201,52
DA:1202,6
DA:1203,100
DA:1204,15
DA:1205,97
DA:1206,51
DA:1207,62
DA:1208,64
DA:1209,151
DA:1210,52
DA:1211,144
DA:1212,154
DA:1213,44
DA:1214,8
DA:1215,45
DA:1216,65
DA:1217,186
DA:1218,116
DA:1219,107
DA:1220,52
DA:1221,6
DA:1222,106
DA:1223,54
DA:1225,6
DA:1228,49
DA:1229,41
DA:1230,56
DA:1231,30
DA:1232,66
DA:1233,23
DA:1234,30
DA:1235,44
DA:1236,114
DA:1237,26
DA:1238,83
DA:1239,55
DA:1240,83
DA:1241,134
DA:1242,6
DA:1243,6
DA:1244,61
DA:1245,72
DA:1246,68
DA:1247,20
DA:1248,83
DA:1249,55
DA:1250,83
DA:1251,134
DA:1252,6
DA:1253,6
DA:1254,94
DA:1255,103
DA:1256,60
DA:1257,69
DA:1258,63
DA:1259,149
DA:1260,50
DA:1261,119
DA:1262,152
DA:1263,132
DA:1264,6
DA:1265,6
DA:1266,43
DA:1267,63
DA:1268,184
DA:1269,105
DA:1270,109
DA:1271,128
DA:1273,6
DA:1276,45
DA:1277,34
DA:1278,71
DA:1279,30
DA:1280,73
DA:1281,21
DA:1282,72
DA:1283,28
DA:1284,51
DA:1285,23
DA:1286,52
DA:1287,19
DA:1288,67
DA:1290,32
DA:1291,19
DA:1292,83
DA:1293,10
DA:1294,17
DA:1296,28
DA:1297,95
DA:1298,57
DA:1299,0
DA:1300,14
DA:1303,9
DA:1305,6
DA:1307,45
DA:1308,60
DA:1309,46
DA:1310,19
DA:1311,112
DA:1312,4
DA:1313,4
DA:1314,21
DA:1315,22
DA:1316,23
DA:1317,290
DA:1318,21
DA:1319,22
DA:1320,55
DA:1321,47
DA:1322,46
DA:1323,51
DA:1324,43
DA:1325,103
DA:1326,6
DA:1327,25
DA:1328,48
DA:1329,61
DA:1330,85
DA:1331,6
DA:1332,49
DA:1333,82
DA:1334,87
DA:1336,6
DA:1339,48
DA:1340,35
DA:1341,50
DA:1342,100
DA:1343,45
DA:1344,44
DA:1345,21
DA:1346,41
DA:1347,161
DA:1348,74
DA:1349,6
DA:1350,4
DA:1351,15
DA:1352,23
DA:1353,46
DA:1354,59
DA:1355,33
DA:1356,13
DA:1357,49
DA:1358,114
DA:1359,37
DA:1361,124
DA:1362,92
DA:1364,113
DA:1367,46
DA:1368,57
DA:1369,34
DA:1370,49
DA:1371,17
DA:1372,52
DA:1373,29
DA:1374,33
DA:1375,42
DA:1376,47
DA:1377,112
DA:1378,4
DA:1379,44
DA:1382,49
DA:1383,36
DA:1385,46
DA:1386,45
DA:1387,21
DA:1388,125
DA:1389,145
DA:1391,121
LF:1049
LH:1048
end_of_record
TN:
SF:tests/e2e/support/e2e-harness.ts
FNF:16
FNH:6
DA:3,110
DA:4,33
DA:5,33
DA:6,41
DA:17,11
DA:18,61
DA:21,49
DA:22,59
DA:23,17
DA:24,20
DA:25,32
DA:26,36
DA:27,32
DA:28,4
DA:29,26
DA:30,68
DA:32,77
DA:33,50
DA:34,5
DA:36,56
DA:39,0
DA:40,0
DA:41,1
DA:44,0
DA:45,0
DA:46,1
DA:56,0
DA:57,0
DA:58,0
DA:59,0
DA:60,0
DA:61,0
DA:62,1
DA:65,0
DA:66,0
DA:67,1
DA:79,25
DA:80,52
DA:81,46
DA:82,8
DA:83,41
DA:84,19
DA:85,16
DA:86,5
DA:87,37
DA:88,0
DA:89,0
DA:90,2
DA:91,44
DA:92,23
DA:93,0
DA:94,0
DA:95,2
DA:96,13
DA:97,22
DA:98,9
DA:99,31
DA:100,0
DA:101,9
DA:102,5
DA:103,26
DA:105,63
DA:106,63
DA:107,23
DA:108,75
DA:109,18
DA:110,0
DA:111,2
DA:112,2
DA:113,57
DA:116,10
DA:117,9
DA:118,83
DA:119,35
DA:120,17
DA:121,1
DA:124,0
DA:125,0
DA:126,0
DA:127,0
DA:128,0
DA:129,0
DA:130,0
DA:131,0
DA:132,0
DA:133,0
DA:134,0
DA:135,0
DA:136,0
DA:137,0
DA:138,1
DA:143,0
DA:144,0
DA:145,0
DA:146,0
DA:147,1
DA:150,0
DA:151,0
LF:98
LH:60
end_of_record
TN:
SF:tests/e2e/support/session-builder.ts
FNF:15
FNH:12
DA:7,18
DA:8,18
DA:9,18
DA:10,32
DA:12,28
DA:14,34
DA:15,51
DA:16,65
DA:19,31
DA:20,115
DA:23,0
DA:24,1
DA:27,37
DA:28,94
DA:31,13
DA:32,77
DA:45,20
DA:46,19
DA:47,32
DA:48,41
DA:49,21
DA:50,24
DA:51,0
DA:53,0
DA:54,0
DA:55,2
DA:56,27
DA:57,0
DA:58,2
DA:59,35
DA:60,85
DA:61,37
DA:62,48
DA:63,38
DA:64,62
DA:65,124
DA:66,40
DA:67,0
DA:68,0
DA:69,2
DA:70,2
DA:71,15
DA:74,11
DA:75,19
DA:76,12
DA:77,56
DA:78,48
DA:79,35
DA:80,46
DA:81,42
DA:82,46
DA:83,39
DA:84,2
DA:87,0
DA:88,0
DA:89,0
DA:90,0
DA:91,0
DA:92,0
DA:93,0
DA:94,0
DA:95,0
DA:96,0
DA:97,1
DA:100,11
DA:101,12
DA:102,27
DA:103,29
DA:104,2
DA:107,11
DA:108,19
DA:109,21
DA:110,31
DA:111,72
DA:112,61
DA:113,2
DA:115,95
DA:116,67
DA:117,63
DA:118,15
DA:121,0
DA:122,0
DA:123,0
DA:124,0
DA:125,0
DA:126,0
DA:127,0
DA:128,0
DA:129,0
DA:130,0
DA:131,0
DA:132,0
DA:133,1
DA:136,22
DA:137,19
DA:138,21
DA:139,35
DA:140,114
DA:141,103
DA:142,2
DA:143,15
DA:146,11
DA:147,19
DA:148,21
DA:150,70
DA:151,87
DA:152,69
DA:153,84
DA:154,32
DA:155,86
DA:156,92
DA:157,2
DA:158,113
DA:159,72
DA:161,72
DA:163,73
DA:164,138
DA:165,14
LF:118
LH:89
end_of_record
TN:
SF:tests/fixtures.ts
FNF:5
FNH:5
DA:3,22
DA:4,21
DA:5,18
DA:6,24
DA:7,16
DA:8,72
DA:9,14
DA:10,2
DA:12,35
DA:13,15
DA:14,16
DA:15,14
DA:16,2
DA:18,41
DA:19,20
DA:20,39
DA:21,13
DA:22,19
DA:23,2
DA:25,36
DA:26,6
DA:27,14
DA:28,3
DA:29,20
DA:30,14
DA:31,35
DA:32,24
DA:33,7
DA:34,13
DA:35,19
DA:36,2
DA:38,36
DA:39,6
DA:40,10
DA:41,3
DA:42,20
DA:43,72
DA:44,13
DA:45,22
DA:46,2
DA:48,25
DA:49,6
DA:50,10
DA:51,3
DA:52,21
DA:53,21
DA:54,17
DA:55,36
DA:56,17
DA:57,14
DA:58,1
LF:51
LH:51
end_of_record
TN:
SF:tests/helpers.ts
FNF:20
FNH:3
DA:10,25
DA:11,61
DA:12,27
DA:16,12
DA:17,16
DA:18,16
DA:19,11
DA:20,0
DA:21,7
DA:22,17
DA:23,0
DA:24,4
DA:25,6
DA:26,15
DA:27,12
DA:28,12
DA:29,13
DA:30,10
DA:31,6
DA:32,4
DA:33,7
DA:34,12
DA:35,32
DA:36,18
DA:37,21
DA:38,16
DA:39,14
DA:40,19
DA:41,22
DA:42,2
DA:48,25
DA:49,12
DA:50,15
DA:51,12
DA:52,12
DA:53,13
DA:54,10
DA:55,6
DA:56,44
DA:57,16
DA:58,16
DA:59,24
DA:60,11
DA:61,1
LF:44
LH:42
end_of_record
TN:
SF:tests/support/load-session.ts
FNF:1
FNH:0
DA:2,39
DA:11,0
DA:12,0
DA:13,0
DA:14,0
DA:15,0
DA:16,0
DA:17,0
DA:18,0
DA:19,0
DA:20,0
DA:21,0
DA:22,0
DA:23,0
DA:24,1
LF:15
LH:2
end_of_record
TN:
SF:tests/support/real-sessions.ts
FNF:2
FNH:1
DA:13,53
DA:17,11
DA:20,0
DA:21,1
LF:4
LH:3
end_of_record
